0 verbose cli C:\Program Files\nodejs\node.exe C:\Program Files\nodejs\node_modules\npm\bin\npm-cli.js
1 info using npm@10.8.1
2 info using node@v20.16.0
3 silly config load:file:C:\Program Files\nodejs\node_modules\npm\npmrc
4 silly config load:file:D:\utf8_encoder\.npmrc
5 error config prefix cannot be changed from project config: D:\utf8_encoder\.npmrc.
6 silly config load:file:C:\Users\DELL\.npmrc
7 silly config load:file:D:\utf8_encoder\.npm_modules\etc\npmrc
8 verbose title npm test
9 verbose argv "test"
10 verbose logfile logs-max:10 dir:D:\utf8_encoder\.npm_cache\_logs\2024-11-30T14_58_52_173Z-
11 verbose logfile D:\utf8_encoder\.npm_cache\_logs\2024-11-30T14_58_52_173Z-debug-0.log
12 silly logfile done cleaning log files
13 http fetch GET 200 https://registry.npmjs.org/npm 718ms
14 verbose cwd D:\utf8_encoder
15 verbose os Windows_NT 10.0.22631
16 verbose node v20.16.0
17 verbose npm  v10.8.1
18 notice
18 notice New [33mminor[39m version of npm available! [33m10.8.1[39m -> [34m10.9.1[39m
18 notice Changelog: [34mhttps://github.com/npm/cli/releases/tag/v10.9.1[39m
18 notice To update run: [4mnpm install -g npm@10.9.1[24m
18 notice  { force: true, [Symbol(proc-log.meta)]: true }
19 verbose exit 1
20 verbose code 1
